nohup: ignoring input
[[1;34mINFO[m] Scanning for projects...
[[1;34mINFO[m] 
[[1;34mINFO[m] [1m---------------------< [0;36mcom.example:keycloak-demo[0;1m >----------------------[m
[[1;34mINFO[m] [1mBuilding keycloak-demo 0.0.1-SNAPSHOT[m
[[1;34mINFO[m] [1m--------------------------------[ jar ]---------------------------------[m
[[1;34mINFO[m] 
[[1;34mINFO[m] [1m>>> [0;32mspring-boot-maven-plugin:3.2.0:run[m [1m(default-cli)[0;1m > [0;1mtest-compile[m @ [36mkeycloak-demo[0;1m >>>[m
[[1;34mINFO[m] 
[[1;34mINFO[m] [1m--- [0;32mmaven-resources-plugin:3.3.1:resources[m [1m(default-resources)[m @ [36mkeycloak-demo[0;1m ---[m
[[1;34mINFO[m] Copying 1 resource from src/main/resources to target/classes
[[1;34mINFO[m] Copying 0 resource from src/main/resources to target/classes
[[1;34mINFO[m] 
[[1;34mINFO[m] [1m--- [0;32mmaven-compiler-plugin:3.11.0:compile[m [1m(default-compile)[m @ [36mkeycloak-demo[0;1m ---[m
[[1;34mINFO[m] Nothing to compile - all classes are up to date
[[1;34mINFO[m] 
[[1;34mINFO[m] [1m--- [0;32mmaven-resources-plugin:3.3.1:testResources[m [1m(default-testResources)[m @ [36mkeycloak-demo[0;1m ---[m
[[1;34mINFO[m] skip non existing resourceDirectory /home/samarthnigam/projects/docker-keycloak/Authorisation-understanding/src/test/resources
[[1;34mINFO[m] 
[[1;34mINFO[m] [1m--- [0;32mmaven-compiler-plugin:3.11.0:testCompile[m [1m(default-testCompile)[m @ [36mkeycloak-demo[0;1m ---[m
[[1;34mINFO[m] No sources to compile
[[1;34mINFO[m] 
[[1;34mINFO[m] [1m<<< [0;32mspring-boot-maven-plugin:3.2.0:run[m [1m(default-cli)[0;1m < [0;1mtest-compile[m @ [36mkeycloak-demo[0;1m <<<[m
[[1;34mINFO[m] 
[[1;34mINFO[m] 
[[1;34mINFO[m] [1m--- [0;32mspring-boot-maven-plugin:3.2.0:run[m [1m(default-cli)[m @ [36mkeycloak-demo[0;1m ---[m
[[1;34mINFO[m] Attaching agents: []

  .   ____          _            __ _ _
 /\\ / ___'_ __ _ _(_)_ __  __ _ \ \ \ \
( ( )\___ | '_ | '_| | '_ \/ _` | \ \ \ \
 \\/  ___)| |_)| | | | | || (_| |  ) ) ) )
  '  |____| .__|_| |_|_| |_\__, | / / / /
 =========|_|==============|___/=/_/_/_/
 :: Spring Boot ::                (v3.2.0)

2025-12-11T19:06:37.203+05:30  INFO 496662 --- [           main] com.example.demo.DemoApplication         : Starting DemoApplication using Java 17.0.17 with PID 496662 (/home/samarthnigam/projects/docker-keycloak/Authorisation-understanding/target/classes started by samarthnigam in /home/samarthnigam/projects/docker-keycloak/Authorisation-understanding)
2025-12-11T19:06:37.210+05:30  INFO 496662 --- [           main] com.example.demo.DemoApplication         : No active profile set, falling back to 1 default profile: "default"
2025-12-11T19:06:39.251+05:30  INFO 496662 --- [           main] .s.d.r.c.RepositoryConfigurationDelegate : Bootstrapping Spring Data JPA repositories in DEFAULT mode.
2025-12-11T19:06:39.300+05:30  INFO 496662 --- [           main] .s.d.r.c.RepositoryConfigurationDelegate : Finished Spring Data repository scanning in 32 ms. Found 0 JPA repository interfaces.
2025-12-11T19:06:40.566+05:30  INFO 496662 --- [           main] o.s.b.w.embedded.tomcat.TomcatWebServer  : Tomcat initialized with port 8082 (http)
2025-12-11T19:06:40.596+05:30  INFO 496662 --- [           main] o.apache.catalina.core.StandardService   : Starting service [Tomcat]
2025-12-11T19:06:40.596+05:30  INFO 496662 --- [           main] o.apache.catalina.core.StandardEngine    : Starting Servlet engine: [Apache Tomcat/10.1.16]
2025-12-11T19:06:40.708+05:30  INFO 496662 --- [           main] o.a.c.c.C.[Tomcat].[localhost].[/]       : Initializing Spring embedded WebApplicationContext
2025-12-11T19:06:40.710+05:30  INFO 496662 --- [           main] w.s.c.ServletWebServerApplicationContext : Root WebApplicationContext: initialization completed in 3358 ms
2025-12-11T19:06:40.796+05:30  INFO 496662 --- [           main] com.zaxxer.hikari.HikariDataSource       : HikariPool-1 - Starting...
2025-12-11T19:06:41.142+05:30  INFO 496662 --- [           main] com.zaxxer.hikari.pool.HikariPool        : HikariPool-1 - Added connection conn0: url=jdbc:h2:mem:testdb user=SA
2025-12-11T19:06:41.148+05:30  INFO 496662 --- [           main] com.zaxxer.hikari.HikariDataSource       : HikariPool-1 - Start completed.
2025-12-11T19:06:41.173+05:30  INFO 496662 --- [           main] o.s.b.a.h2.H2ConsoleAutoConfiguration    : H2 console available at '/h2-console'. Database available at 'jdbc:h2:mem:testdb'
2025-12-11T19:06:41.425+05:30  INFO 496662 --- [           main] o.hibernate.jpa.internal.util.LogHelper  : HHH000204: Processing PersistenceUnitInfo [name: default]
2025-12-11T19:06:41.535+05:30  INFO 496662 --- [           main] org.hibernate.Version                    : HHH000412: Hibernate ORM core version 6.3.1.Final
2025-12-11T19:06:41.607+05:30  INFO 496662 --- [           main] o.h.c.internal.RegionFactoryInitiator    : HHH000026: Second-level cache disabled
2025-12-11T19:06:42.022+05:30  INFO 496662 --- [           main] o.s.o.j.p.SpringPersistenceUnitInfo      : No LoadTimeWeaver setup: ignoring JPA class transformer
2025-12-11T19:06:42.133+05:30  WARN 496662 --- [           main] org.hibernate.orm.deprecation            : HHH90000025: H2Dialect does not need to be specified explicitly using 'hibernate.dialect' (remove the property setting and it will be selected by default)
2025-12-11T19:06:42.878+05:30  INFO 496662 --- [           main] o.h.e.t.j.p.i.JtaPlatformInitiator       : HHH000489: No JTA platform available (set 'hibernate.transaction.jta.platform' to enable JTA platform integration)
2025-12-11T19:06:42.889+05:30  INFO 496662 --- [           main] j.LocalContainerEntityManagerFactoryBean : Initialized JPA EntityManagerFactory for persistence unit 'default'
2025-12-11T19:06:43.021+05:30  WARN 496662 --- [           main] JpaBaseConfiguration$JpaWebConfiguration : spring.jpa.open-in-view is enabled by default. Therefore, database queries may be performed during view rendering. Explicitly configure spring.jpa.open-in-view to disable this warning
2025-12-11T19:06:43.074+05:30 DEBUG 496662 --- [           main] swordEncoderAuthenticationManagerBuilder : No authenticationProviders and no parentAuthenticationManager defined. Returning null.
2025-12-11T19:06:43.485+05:30 DEBUG 496662 --- [           main] s.w.s.m.m.a.RequestMappingHandlerMapping : 6 mappings in 'requestMappingHandlerMapping'
2025-12-11T19:06:43.617+05:30 DEBUG 496662 --- [           main] o.s.w.s.handler.SimpleUrlHandlerMapping  : Patterns [/webjars/**, /**] in 'resourceHandlerMapping'
2025-12-11T19:06:43.757+05:30  INFO 496662 --- [           main] o.s.s.web.DefaultSecurityFilterChain     : Will secure any request with [org.springframework.security.web.session.DisableEncodeUrlFilter@65ad2b42, org.springframework.security.web.context.request.async.WebAsyncManagerIntegrationFilter@294ebe11, org.springframework.security.web.context.SecurityContextHolderFilter@57839834, org.springframework.security.web.header.HeaderWriterFilter@3dd750ba, org.springframework.web.filter.CorsFilter@4e51eda7, org.springframework.security.web.authentication.logout.LogoutFilter@f2becb2, org.springframework.security.oauth2.server.resource.web.authentication.BearerTokenAuthenticationFilter@2ec92631, org.springframework.security.web.savedrequest.RequestCacheAwareFilter@32646ecf, org.springframework.security.web.servletapi.SecurityContextHolderAwareRequestFilter@68f9e807, org.springframework.security.web.authentication.AnonymousAuthenticationFilter@2862271a, org.springframework.security.web.session.SessionManagementFilter@5c3710b3, org.springframework.security.web.access.ExceptionTranslationFilter@27b490de, org.springframework.security.web.access.intercept.AuthorizationFilter@42ffbab6]
2025-12-11T19:06:44.016+05:30 DEBUG 496662 --- [           main] s.w.s.m.m.a.RequestMappingHandlerAdapter : ControllerAdvice beans: 0 @ModelAttribute, 0 @InitBinder, 1 RequestBodyAdvice, 1 ResponseBodyAdvice
2025-12-11T19:06:44.103+05:30 DEBUG 496662 --- [           main] .m.m.a.ExceptionHandlerExceptionResolver : ControllerAdvice beans: 0 @ExceptionHandler, 1 ResponseBodyAdvice
2025-12-11T19:06:43.512+05:30  INFO 496662 --- [           main] o.s.b.w.embedded.tomcat.TomcatWebServer  : Tomcat started on port 8082 (http) with context path ''
2025-12-11T19:06:43.541+05:30  INFO 496662 --- [           main] com.example.demo.DemoApplication         : Started DemoApplication in 7.215 seconds (process running for 8.98)
2025-12-11T19:06:59.528+05:30  INFO 496662 --- [nio-8082-exec-1] o.a.c.c.C.[Tomcat].[localhost].[/]       : Initializing Spring DispatcherServlet 'dispatcherServlet'
2025-12-11T19:06:59.528+05:30  INFO 496662 --- [nio-8082-exec-1] o.s.web.servlet.DispatcherServlet        : Initializing Servlet 'dispatcherServlet'
2025-12-11T19:06:59.529+05:30 DEBUG 496662 --- [nio-8082-exec-1] o.s.web.servlet.DispatcherServlet        : Detected StandardServletMultipartResolver
2025-12-11T19:06:59.529+05:30 DEBUG 496662 --- [nio-8082-exec-1] o.s.web.servlet.DispatcherServlet        : Detected AcceptHeaderLocaleResolver
2025-12-11T19:06:59.529+05:30 DEBUG 496662 --- [nio-8082-exec-1] o.s.web.servlet.DispatcherServlet        : Detected FixedThemeResolver
2025-12-11T19:06:59.534+05:30 DEBUG 496662 --- [nio-8082-exec-1] o.s.web.servlet.DispatcherServlet        : Detected org.springframework.web.servlet.view.DefaultRequestToViewNameTranslator@12200670
2025-12-11T19:06:59.535+05:30 DEBUG 496662 --- [nio-8082-exec-1] o.s.web.servlet.DispatcherServlet        : Detected org.springframework.web.servlet.support.SessionFlashMapManager@26d7cb0d
2025-12-11T19:06:59.536+05:30 DEBUG 496662 --- [nio-8082-exec-1] o.s.web.servlet.DispatcherServlet        : enableLoggingRequestDetails='false': request parameters and headers will be masked to prevent unsafe logging of potentially sensitive data
2025-12-11T19:06:59.536+05:30  INFO 496662 --- [nio-8082-exec-1] o.s.web.servlet.DispatcherServlet        : Completed initialization in 7 ms
2025-12-11T19:06:59.550+05:30 DEBUG 496662 --- [nio-8082-exec-1] o.s.security.web.FilterChainProxy        : Securing GET /api/public
2025-12-11T19:06:59.555+05:30  WARN 496662 --- [nio-8082-exec-1] o.s.w.s.h.HandlerMappingIntrospector     : Cache miss for REQUEST dispatch to '/api/public' (previous null). Performing CorsConfiguration lookup. This is logged once only at WARN level, and every time at TRACE.
2025-12-11T19:06:59.577+05:30 DEBUG 496662 --- [nio-8082-exec-1] o.s.s.w.a.AnonymousAuthenticationFilter  : Set SecurityContextHolder to anonymous SecurityContext
2025-12-11T19:06:59.579+05:30  WARN 496662 --- [nio-8082-exec-1] o.s.w.s.h.HandlerMappingIntrospector     : Cache miss for REQUEST dispatch to '/api/public' (previous null). Performing MatchableHandlerMapping lookup. This is logged once only at WARN level, and every time at TRACE.
2025-12-11T19:07:04.354+05:30 DEBUG 496662 --- [nio-8082-exec-2] o.s.security.web.FilterChainProxy        : Securing GET /api/public
2025-12-11T19:07:04.361+05:30 DEBUG 496662 --- [nio-8082-exec-2] o.s.s.w.a.AnonymousAuthenticationFilter  : Set SecurityContextHolder to anonymous SecurityContext
2025-12-11T19:07:08.322+05:30 DEBUG 496662 --- [nio-8082-exec-3] o.s.security.web.FilterChainProxy        : Securing GET /api/public
2025-12-11T19:07:08.334+05:30 DEBUG 496662 --- [nio-8082-exec-3] o.s.s.w.a.AnonymousAuthenticationFilter  : Set SecurityContextHolder to anonymous SecurityContext
2025-12-11T19:08:47.038+05:30 DEBUG 496662 --- [nio-8082-exec-4] o.s.security.web.FilterChainProxy        : Securing HEAD /api/public
2025-12-11T19:08:47.039+05:30 DEBUG 496662 --- [nio-8082-exec-4] o.s.s.w.a.AnonymousAuthenticationFilter  : Set SecurityContextHolder to anonymous SecurityContext
2025-12-11T19:08:47.048+05:30 DEBUG 496662 --- [nio-8082-exec-6] o.s.security.web.FilterChainProxy        : Securing GET /api/public
2025-12-11T19:08:47.049+05:30 DEBUG 496662 --- [nio-8082-exec-6] o.s.s.w.a.AnonymousAuthenticationFilter  : Set SecurityContextHolder to anonymous SecurityContext
[[1;34mINFO[m] [1m------------------------------------------------------------------------[m
[[1;34mINFO[m] [1;31mBUILD FAILURE[m
[[1;34mINFO[m] [1m------------------------------------------------------------------------[m
[[1;34mINFO[m] Total time:  08:38 min
[[1;34mINFO[m] Finished at: 2025-12-11T19:15:09+05:30
[[1;34mINFO[m] [1m------------------------------------------------------------------------[m
[[1;31mERROR[m] Failed to execute goal [32morg.springframework.boot:spring-boot-maven-plugin:3.2.0:run[m [1m(default-cli)[m on project [36mkeycloak-demo[m: [1;31mProcess terminated with exit code: 137[m -> [1m[Help 1][m
[[1;31mERROR[m] 
[[1;31mERROR[m] To see the full stack trace of the errors, re-run Maven with the [1m-e[m switch.
[[1;31mERROR[m] Re-run Maven using the [1m-X[m switch to enable full debug logging.
[[1;31mERROR[m] 
[[1;31mERROR[m] For more information about the errors and possible solutions, please read the following articles:
[[1;31mERROR[m] [1m[Help 1][m http://cwiki.apache.org/confluence/display/MAVEN/MojoExecutionException
